2023-02-24 [main] INFO  c.c.OnlineSeatBookingSystemApplication Starting OnlineSeatBookingSystemApplication using Java 17.0.5 on INLEN8520075748 with PID 12816 (C:\Users\HSHANAGA\Documents\OnlineSeatBookingSystem\target\classes started by hshanaga in C:\Users\HSHANAGA\Documents\OnlineSeatBookingSystem)
 2023-02-24 [main] DEBUG c.c.OnlineSeatBookingSystemApplication Running with Spring Boot v2.6.1, Spring v5.3.13
 2023-02-24 [main] INFO  c.c.OnlineSeatBookingSystemApplication No active profile set, falling back to default profiles: default
 2023-02-24 [main] INFO  o.s.d.r.c.RepositoryConfigurationDelegate Multiple Spring Data modules found, entering strict repository configuration mode!
 2023-02-24 [main] INFO  o.s.d.r.c.RepositoryConfigurationDelegate Bootstrapping Spring Data JDBC repositories in DEFAULT mode.
 2023-02-24 [main] INFO  o.s.d.r.c.RepositoryConfigurationExtensionSupport Spring Data JDBC - Could not safely identify store assignment for repository candidate interface com.capg.repository.AdminRepository. If you want this repository to be a JDBC repository, consider annotating your entities with one of these annotations: org.springframework.data.relational.core.mapping.Table.
 2023-02-24 [main] INFO  o.s.d.r.c.RepositoryConfigurationExtensionSupport Spring Data JDBC - Could not safely identify store assignment for repository candidate interface com.capg.repository.BookingRepository. If you want this repository to be a JDBC repository, consider annotating your entities with one of these annotations: org.springframework.data.relational.core.mapping.Table.
 2023-02-24 [main] INFO  o.s.d.r.c.RepositoryConfigurationExtensionSupport Spring Data JDBC - Could not safely identify store assignment for repository candidate interface com.capg.repository.BookingdetailsRepository. If you want this repository to be a JDBC repository, consider annotating your entities with one of these annotations: org.springframework.data.relational.core.mapping.Table.
 2023-02-24 [main] INFO  o.s.d.r.c.RepositoryConfigurationExtensionSupport Spring Data JDBC - Could not safely identify store assignment for repository candidate interface com.capg.repository.SeatRepository. If you want this repository to be a JDBC repository, consider annotating your entities with one of these annotations: org.springframework.data.relational.core.mapping.Table.
 2023-02-24 [main] INFO  o.s.d.r.c.RepositoryConfigurationExtensionSupport Spring Data JDBC - Could not safely identify store assignment for repository candidate interface com.capg.repository.UserRepository. If you want this repository to be a JDBC repository, consider annotating your entities with one of these annotations: org.springframework.data.relational.core.mapping.Table.
 2023-02-24 [main] INFO  o.s.d.r.c.RepositoryConfigurationDelegate Finished Spring Data repository scanning in 31 ms. Found 0 JDBC repository interfaces.
 2023-02-24 [main] INFO  o.s.d.r.c.RepositoryConfigurationDelegate Multiple Spring Data modules found, entering strict repository configuration mode!
 2023-02-24 [main] INFO  o.s.d.r.c.RepositoryConfigurationDelegate Bootstrapping Spring Data JPA repositories in DEFAULT mode.
 2023-02-24 [main] INFO  o.s.d.r.c.RepositoryConfigurationDelegate Finished Spring Data repository scanning in 31 ms. Found 5 JPA repository interfaces.
 2023-02-24 [main] INFO  o.s.b.w.e.tomcat.TomcatWebServer Tomcat initialized with port(s): 8080 (http)
 2023-02-24 [main] INFO  o.a.catalina.core.StandardService Starting service [Tomcat]
 2023-02-24 [main] INFO  o.a.catalina.core.StandardEngine Starting Servlet engine: [Apache Tomcat/9.0.55]
 2023-02-24 [main] INFO  o.a.c.c.C.[Tomcat].[localhost].[/] Initializing Spring embedded WebApplicationContext
 2023-02-24 [main] INFO  o.s.b.w.s.c.ServletWebServerApplicationContext Root WebApplicationContext: initialization completed in 1419 ms
 2023-02-24 [main] INFO  o.h.jpa.internal.util.LogHelper HHH000204: Processing PersistenceUnitInfo [name: default]
 2023-02-24 [main] INFO  org.hibernate.Version HHH000412: Hibernate ORM core version 5.6.1.Final
 2023-02-24 [main] INFO  o.h.annotations.common.Version HCANN000001: Hibernate Commons Annotations {5.1.2.Final}
 2023-02-24 [main] INFO  com.zaxxer.hikari.HikariDataSource HikariPool-1 - Starting...
 2023-02-24 [main] INFO  com.zaxxer.hikari.HikariDataSource HikariPool-1 - Start completed.
 2023-02-24 [main] INFO  org.hibernate.dialect.Dialect HHH000400: Using dialect: org.hibernate.dialect.PostgreSQL10Dialect
 2023-02-24 [main] INFO  o.h.e.t.j.p.i.JtaPlatformInitiator HHH000490: Using JtaPlatform implementation: [org.hibernate.engine.transaction.jta.platform.internal.NoJtaPlatform]
 2023-02-24 [main] INFO  o.s.o.j.LocalContainerEntityManagerFactoryBean Initialized JPA EntityManagerFactory for persistence unit 'default'
 2023-02-24 [main] WARN  o.s.b.a.o.j.JpaBaseConfiguration$JpaWebConfiguration spring.jpa.open-in-view is enabled by default. Therefore, database queries may be performed during view rendering. Explicitly configure spring.jpa.open-in-view to disable this warning
 2023-02-24 [main] INFO  o.s.b.w.e.tomcat.TomcatWebServer Tomcat started on port(s): 8080 (http) with context path ''
 2023-02-24 [main] INFO  c.c.OnlineSeatBookingSystemApplication Started OnlineSeatBookingSystemApplication in 4.474 seconds (JVM running for 4.897)
 